<?xml version="1.0" encoding="UTF-8"?>
<coverage generated="1730936852">
  <project timestamp="1730936852">
    <package name="Oscabrera\ModelRepository">
      <file name="/home/oscabrera/own/packages/package-dev/oscabrera/model-repository/src/BindingServiceProvider.php">
        <class name="Oscabrera\ModelRepository\BindingServiceProvider" namespace="Oscabrera\ModelRepository">
          <metrics complexity="7" methods="3" coveredmethods="0" conditionals="0" coveredconditionals="0" statements="19" coveredstatements="0" elements="22" coveredelements="0"/>
        </class>
        <line num="11" type="method" name="boot" visibility="public" complexity="2" crap="6" count="0"/>
        <line num="13" type="stmt" count="0"/>
        <line num="14" type="stmt" count="0"/>
        <line num="15" type="stmt" count="0"/>
        <line num="16" type="stmt" count="0"/>
        <line num="17" type="stmt" count="0"/>
        <line num="26" type="method" name="register" visibility="public" complexity="1" crap="2" count="0"/>
        <line num="28" type="stmt" count="0"/>
        <line num="29" type="stmt" count="0"/>
        <line num="30" type="stmt" count="0"/>
        <line num="31" type="stmt" count="0"/>
        <line num="32" type="stmt" count="0"/>
        <line num="38" type="method" name="bindInterfaces" visibility="private" complexity="4" crap="20" count="0"/>
        <line num="40" type="stmt" count="0"/>
        <line num="41" type="stmt" count="0"/>
        <line num="42" type="stmt" count="0"/>
        <line num="44" type="stmt" count="0"/>
        <line num="45" type="stmt" count="0"/>
        <line num="46" type="stmt" count="0"/>
        <line num="47" type="stmt" count="0"/>
        <line num="48" type="stmt" count="0"/>
        <line num="49" type="stmt" count="0"/>
        <metrics loc="54" ncloc="46" classes="1" methods="3" coveredmethods="0" conditionals="0" coveredconditionals="0" statements="19" coveredstatements="0" elements="22" coveredelements="0"/>
      </file>
      <file name="/home/oscabrera/own/packages/package-dev/oscabrera/model-repository/src/RepositoryCommandServiceProvider.php">
        <class name="Oscabrera\ModelRepository\RepositoryCommandServiceProvider" namespace="Oscabrera\ModelRepository">
          <metrics complexity="5" methods="2" coveredmethods="0" conditionals="0" coveredconditionals="0" statements="6" coveredstatements="0" elements="8" coveredelements="0"/>
        </class>
        <line num="16" type="method" name="boot" visibility="public" complexity="1" crap="2" count="0"/>
        <line num="18" type="stmt" count="0"/>
        <line num="20" type="method" name="register" visibility="public" complexity="4" crap="20" count="0"/>
        <line num="23" type="stmt" count="0"/>
        <line num="24" type="stmt" count="0"/>
        <line num="26" type="stmt" count="0"/>
        <line num="27" type="stmt" count="0"/>
        <line num="28" type="stmt" count="0"/>
        <metrics loc="32" ncloc="29" classes="1" methods="2" coveredmethods="0" conditionals="0" coveredconditionals="0" statements="6" coveredstatements="0" elements="8" coveredelements="0"/>
      </file>
    </package>
    <package name="Oscabrera\ModelRepository\Classes">
      <file name="/home/oscabrera/own/packages/package-dev/oscabrera/model-repository/src/Classes/Options.php">
        <class name="Oscabrera\ModelRepository\Classes\Options" namespace="Oscabrera\ModelRepository\Classes">
          <metrics complexity="9" methods="9" coveredmethods="9" conditionals="0" coveredconditionals="0" statements="14" coveredstatements="14" elements="23" coveredelements="23"/>
        </class>
        <line num="14" type="method" name="__construct" visibility="public" complexity="1" crap="1" count="2"/>
        <line num="23" type="stmt" count="2"/>
        <line num="28" type="method" name="hasSeeder" visibility="public" complexity="1" crap="1" count="2"/>
        <line num="30" type="stmt" count="2"/>
        <line num="36" type="method" name="hasMigration" visibility="public" complexity="1" crap="1" count="2"/>
        <line num="38" type="stmt" count="2"/>
        <line num="44" type="method" name="hasFactory" visibility="public" complexity="1" crap="1" count="2"/>
        <line num="46" type="stmt" count="2"/>
        <line num="52" type="method" name="hasService" visibility="public" complexity="1" crap="1" count="2"/>
        <line num="54" type="stmt" count="2"/>
        <line num="60" type="method" name="hasController" visibility="public" complexity="1" crap="1" count="2"/>
        <line num="62" type="stmt" count="2"/>
        <line num="68" type="method" name="hasRequest" visibility="public" complexity="1" crap="1" count="2"/>
        <line num="70" type="stmt" count="2"/>
        <line num="76" type="method" name="isForce" visibility="public" complexity="1" crap="1" count="2"/>
        <line num="78" type="stmt" count="2"/>
        <line num="84" type="method" name="forceAll" visibility="public" complexity="1" crap="1" count="1"/>
        <line num="86" type="stmt" count="1"/>
        <line num="87" type="stmt" count="1"/>
        <line num="88" type="stmt" count="1"/>
        <line num="89" type="stmt" count="1"/>
        <line num="90" type="stmt" count="1"/>
        <line num="91" type="stmt" count="1"/>
        <metrics loc="94" ncloc="65" classes="1" methods="9" coveredmethods="9" conditionals="0" coveredconditionals="0" statements="14" coveredstatements="14" elements="23" coveredelements="23"/>
      </file>
    </package>
    <package name="Oscabrera\ModelRepository\Commands">
      <file name="/home/oscabrera/own/packages/package-dev/oscabrera/model-repository/src/Commands/Handlers.php">
        <class name="Oscabrera\ModelRepository\Commands\Handlers" namespace="Oscabrera\ModelRepository\Commands">
          <metrics complexity="4" methods="2" coveredmethods="0" conditionals="0" coveredconditionals="0" statements="11" coveredstatements="0" elements="13" coveredelements="0"/>
        </class>
        <line num="53" type="method" name="handle" visibility="public" complexity="1" crap="2" count="0"/>
        <line num="56" type="stmt" count="0"/>
        <line num="57" type="stmt" count="0"/>
        <line num="58" type="stmt" count="0"/>
        <line num="64" type="method" name="getOptionsCommand" visibility="private" complexity="3" crap="12" count="0"/>
        <line num="66" type="stmt" count="0"/>
        <line num="67" type="stmt" count="0"/>
        <line num="69" type="stmt" count="0"/>
        <line num="70" type="stmt" count="0"/>
        <line num="73" type="stmt" count="0"/>
        <line num="75" type="stmt" count="0"/>
        <line num="76" type="stmt" count="0"/>
        <line num="79" type="stmt" count="0"/>
        <metrics loc="82" ncloc="62" classes="1" methods="2" coveredmethods="0" conditionals="0" coveredconditionals="0" statements="11" coveredstatements="0" elements="13" coveredelements="0"/>
      </file>
    </package>
    <file name="/home/oscabrera/own/packages/package-dev/oscabrera/model-repository/src/Contracts/BindingInterface.php">
      <metrics loc="15" ncloc="11" classes="0" methods="0" coveredmethods="0" conditionals="0" coveredconditionals="0" statements="0" coveredstatements="0" elements="0" coveredelements="0"/>
    </file>
    <file name="/home/oscabrera/own/packages/package-dev/oscabrera/model-repository/src/Contracts/Resources/ICreateModel.php">
      <metrics loc="24" ncloc="13" classes="0" methods="0" coveredmethods="0" conditionals="0" coveredconditionals="0" statements="0" coveredstatements="0" elements="0" coveredelements="0"/>
    </file>
    <file name="/home/oscabrera/own/packages/package-dev/oscabrera/model-repository/src/Contracts/Resources/IDeleteModel.php">
      <metrics loc="22" ncloc="13" classes="0" methods="0" coveredmethods="0" conditionals="0" coveredconditionals="0" statements="0" coveredstatements="0" elements="0" coveredelements="0"/>
    </file>
    <file name="/home/oscabrera/own/packages/package-dev/oscabrera/model-repository/src/Contracts/Resources/IEntityCount.php">
      <metrics loc="23" ncloc="13" classes="0" methods="0" coveredmethods="0" conditionals="0" coveredconditionals="0" statements="0" coveredstatements="0" elements="0" coveredelements="0"/>
    </file>
    <file name="/home/oscabrera/own/packages/package-dev/oscabrera/model-repository/src/Contracts/Resources/IEntitySearch.php">
      <metrics loc="23" ncloc="14" classes="0" methods="0" coveredmethods="0" conditionals="0" coveredconditionals="0" statements="0" coveredstatements="0" elements="0" coveredelements="0"/>
    </file>
    <file name="/home/oscabrera/own/packages/package-dev/oscabrera/model-repository/src/Contracts/Resources/IListModel.php">
      <metrics loc="23" ncloc="14" classes="0" methods="0" coveredmethods="0" conditionals="0" coveredconditionals="0" statements="0" coveredstatements="0" elements="0" coveredelements="0"/>
    </file>
    <file name="/home/oscabrera/own/packages/package-dev/oscabrera/model-repository/src/Contracts/Resources/IReadModel.php">
      <metrics loc="22" ncloc="13" classes="0" methods="0" coveredmethods="0" conditionals="0" coveredconditionals="0" statements="0" coveredstatements="0" elements="0" coveredelements="0"/>
    </file>
    <file name="/home/oscabrera/own/packages/package-dev/oscabrera/model-repository/src/Contracts/Resources/IRepositoryResource.php">
      <metrics loc="23" ncloc="15" classes="0" methods="0" coveredmethods="0" conditionals="0" coveredconditionals="0" statements="0" coveredstatements="0" elements="0" coveredelements="0"/>
    </file>
    <file name="/home/oscabrera/own/packages/package-dev/oscabrera/model-repository/src/Contracts/Resources/IUpdateModel.php">
      <metrics loc="23" ncloc="13" classes="0" methods="0" coveredmethods="0" conditionals="0" coveredconditionals="0" statements="0" coveredstatements="0" elements="0" coveredelements="0"/>
    </file>
    <package name="Oscabrera\ModelRepository\Exception\Command">
      <file name="/home/oscabrera/own/packages/package-dev/oscabrera/model-repository/src/Exception/Command/CreateStructureException.php">
        <class name="Oscabrera\ModelRepository\Exception\Command\CreateStructureException" namespace="Oscabrera\ModelRepository\Exception\Command">
          <metrics complexity="1" methods="1" coveredmethods="1" conditionals="0" coveredconditionals="0" statements="5" coveredstatements="5" elements="6" coveredelements="6"/>
        </class>
        <line num="21" type="method" name="__construct" visibility="public" complexity="1" crap="1" count="2"/>
        <line num="23" type="stmt" count="2"/>
        <line num="24" type="stmt" count="2"/>
        <line num="25" type="stmt" count="2"/>
        <line num="26" type="stmt" count="2"/>
        <line num="27" type="stmt" count="2"/>
        <metrics loc="30" ncloc="20" classes="1" methods="1" coveredmethods="1" conditionals="0" coveredconditionals="0" statements="5" coveredstatements="5" elements="6" coveredelements="6"/>
      </file>
      <file name="/home/oscabrera/own/packages/package-dev/oscabrera/model-repository/src/Exception/Command/StubException.php">
        <class name="Oscabrera\ModelRepository\Exception\Command\StubException" namespace="Oscabrera\ModelRepository\Exception\Command">
          <metrics complexity="1" methods="1" coveredmethods="1" conditionals="0" coveredconditionals="0" statements="5" coveredstatements="5" elements="6" coveredelements="6"/>
        </class>
        <line num="20" type="method" name="__construct" visibility="public" complexity="1" crap="1" count="2"/>
        <line num="22" type="stmt" count="2"/>
        <line num="23" type="stmt" count="2"/>
        <line num="24" type="stmt" count="2"/>
        <line num="25" type="stmt" count="2"/>
        <line num="26" type="stmt" count="2"/>
        <metrics loc="29" ncloc="20" classes="1" methods="1" coveredmethods="1" conditionals="0" coveredconditionals="0" statements="5" coveredstatements="5" elements="6" coveredelements="6"/>
      </file>
    </package>
    <package name="Oscabrera\ModelRepository\Exception">
      <file name="/home/oscabrera/own/packages/package-dev/oscabrera/model-repository/src/Exception/CustomException.php">
        <class name="Oscabrera\ModelRepository\Exception\CustomException" namespace="Oscabrera\ModelRepository\Exception">
          <metrics complexity="4" methods="4" coveredmethods="4" conditionals="0" coveredconditionals="0" statements="7" coveredstatements="7" elements="11" coveredelements="11"/>
        </class>
        <line num="49" type="method" name="__construct" visibility="public" complexity="1" crap="1" count="10"/>
        <line num="56" type="stmt" count="10"/>
        <line num="57" type="stmt" count="10"/>
        <line num="58" type="stmt" count="10"/>
        <line num="67" type="method" name="__toString" visibility="public" complexity="1" crap="1" count="1"/>
        <line num="69" type="stmt" count="1"/>
        <line num="70" type="stmt" count="1"/>
        <line num="84" type="method" name="getInput" visibility="public" complexity="1" crap="1" count="1"/>
        <line num="86" type="stmt" count="1"/>
        <line num="94" type="method" name="getTitle" visibility="public" complexity="1" crap="1" count="1"/>
        <line num="96" type="stmt" count="1"/>
        <metrics loc="99" ncloc="44" classes="1" methods="4" coveredmethods="4" conditionals="0" coveredconditionals="0" statements="7" coveredstatements="7" elements="11" coveredelements="11"/>
      </file>
    </package>
    <package name="Oscabrera\ModelRepository\Handlers">
      <file name="/home/oscabrera/own/packages/package-dev/oscabrera/model-repository/src/Handlers/BindingServices.php">
        <class name="Oscabrera\ModelRepository\Handlers\BindingServices" namespace="Oscabrera\ModelRepository\Handlers">
          <metrics complexity="8" methods="5" coveredmethods="0" conditionals="0" coveredconditionals="0" statements="18" coveredstatements="0" elements="23" coveredelements="0"/>
        </class>
        <line num="16" type="method" name="updateConfigFile" visibility="public" complexity="1" crap="2" count="0"/>
        <line num="18" type="stmt" count="0"/>
        <line num="19" type="stmt" count="0"/>
        <line num="20" type="stmt" count="0"/>
        <line num="21" type="stmt" count="0"/>
        <line num="22" type="stmt" count="0"/>
        <line num="30" type="method" name="getConfigPath" visibility="private" complexity="1" crap="2" count="0"/>
        <line num="32" type="stmt" count="0"/>
        <line num="46" type="method" name="getConfigFile" visibility="private" complexity="4" crap="20" count="0"/>
        <line num="48" type="stmt" count="0"/>
        <line num="49" type="stmt" count="0"/>
        <line num="50" type="stmt" count="0"/>
        <line num="51" type="stmt" count="0"/>
        <line num="53" type="stmt" count="0"/>
        <line num="65" type="method" name="defineBindings" visibility="private" complexity="1" crap="2" count="0"/>
        <line num="67" type="stmt" count="0"/>
        <line num="68" type="stmt" count="0"/>
        <line num="69" type="stmt" count="0"/>
        <line num="70" type="stmt" count="0"/>
        <line num="71" type="stmt" count="0"/>
        <line num="72" type="stmt" count="0"/>
        <line num="83" type="method" name="saveConfigFile" visibility="private" complexity="1" crap="2" count="0"/>
        <line num="85" type="stmt" count="0"/>
        <metrics loc="88" ncloc="52" classes="1" methods="5" coveredmethods="0" conditionals="0" coveredconditionals="0" statements="18" coveredstatements="0" elements="23" coveredelements="0"/>
      </file>
      <file name="/home/oscabrera/own/packages/package-dev/oscabrera/model-repository/src/Handlers/MainCommand.php">
        <class name="Oscabrera\ModelRepository\Handlers\MainCommand" namespace="Oscabrera\ModelRepository\Handlers">
          <metrics complexity="17" methods="13" coveredmethods="0" conditionals="0" coveredconditionals="0" statements="32" coveredstatements="0" elements="45" coveredelements="0"/>
        </class>
        <line num="34" type="method" name="__construct" visibility="public" complexity="1" crap="2" count="0"/>
        <line num="43" type="stmt" count="0"/>
        <line num="48" type="method" name="setOutput" visibility="public" complexity="1" crap="2" count="0"/>
        <line num="50" type="stmt" count="0"/>
        <line num="56" type="method" name="handle" visibility="public" complexity="1" crap="2" count="0"/>
        <line num="61" type="stmt" count="0"/>
        <line num="62" type="stmt" count="0"/>
        <line num="63" type="stmt" count="0"/>
        <line num="64" type="stmt" count="0"/>
        <line num="71" type="method" name="run" visibility="public" complexity="1" crap="2" count="0"/>
        <line num="73" type="stmt" count="0"/>
        <line num="74" type="stmt" count="0"/>
        <line num="75" type="stmt" count="0"/>
        <line num="76" type="stmt" count="0"/>
        <line num="77" type="stmt" count="0"/>
        <line num="78" type="stmt" count="0"/>
        <line num="79" type="stmt" count="0"/>
        <line num="87" type="method" name="infoCommand" visibility="public" complexity="1" crap="2" count="0"/>
        <line num="89" type="stmt" count="0"/>
        <line num="90" type="stmt" count="0"/>
        <line num="91" type="stmt" count="0"/>
        <line num="92" type="stmt" count="0"/>
        <line num="93" type="stmt" count="0"/>
        <line num="94" type="stmt" count="0"/>
        <line num="95" type="stmt" count="0"/>
        <line num="104" type="method" name="errorCommand" visibility="public" complexity="1" crap="2" count="0"/>
        <line num="106" type="stmt" count="0"/>
        <line num="112" type="method" name="makeModel" visibility="private" complexity="1" crap="2" count="0"/>
        <line num="114" type="stmt" count="0"/>
        <line num="120" type="method" name="makeInterfaceRepository" visibility="private" complexity="1" crap="2" count="0"/>
        <line num="122" type="stmt" count="0"/>
        <line num="128" type="method" name="makeRepository" visibility="private" complexity="1" crap="2" count="0"/>
        <line num="130" type="stmt" count="0"/>
        <line num="139" type="method" name="makeInterfaceService" visibility="private" complexity="2" crap="6" count="0"/>
        <line num="141" type="stmt" count="0"/>
        <line num="142" type="stmt" count="0"/>
        <line num="149" type="method" name="makeService" visibility="private" complexity="2" crap="6" count="0"/>
        <line num="151" type="stmt" count="0"/>
        <line num="152" type="stmt" count="0"/>
        <line num="159" type="method" name="makeController" visibility="private" complexity="2" crap="6" count="0"/>
        <line num="161" type="stmt" count="0"/>
        <line num="162" type="stmt" count="0"/>
        <line num="169" type="method" name="makeRequest" visibility="private" complexity="2" crap="6" count="0"/>
        <line num="171" type="stmt" count="0"/>
        <line num="172" type="stmt" count="0"/>
        <metrics loc="176" ncloc="128" classes="1" methods="13" coveredmethods="0" conditionals="0" coveredconditionals="0" statements="32" coveredstatements="0" elements="45" coveredelements="0"/>
      </file>
    </package>
    <package name="Oscabrera\ModelRepository\Handlers\Makers">
      <file name="/home/oscabrera/own/packages/package-dev/oscabrera/model-repository/src/Handlers/Makers/MakeController.php">
        <class name="Oscabrera\ModelRepository\Handlers\Makers\MakeController" namespace="Oscabrera\ModelRepository\Handlers\Makers">
          <metrics complexity="2" methods="2" coveredmethods="0" conditionals="0" coveredconditionals="0" statements="15" coveredstatements="0" elements="17" coveredelements="0"/>
        </class>
        <line num="30" type="method" name="make" visibility="public" complexity="1" crap="2" count="0"/>
        <line num="32" type="stmt" count="0"/>
        <line num="33" type="stmt" count="0"/>
        <line num="34" type="stmt" count="0"/>
        <line num="36" type="stmt" count="0"/>
        <line num="37" type="stmt" count="0"/>
        <line num="38" type="stmt" count="0"/>
        <line num="39" type="stmt" count="0"/>
        <line num="40" type="stmt" count="0"/>
        <line num="41" type="stmt" count="0"/>
        <line num="52" type="method" name="defineReplace" visibility="private" complexity="1" crap="2" count="0"/>
        <line num="54" type="stmt" count="0"/>
        <line num="55" type="stmt" count="0"/>
        <line num="56" type="stmt" count="0"/>
        <line num="57" type="stmt" count="0"/>
        <line num="58" type="stmt" count="0"/>
        <line num="59" type="stmt" count="0"/>
        <metrics loc="62" ncloc="39" classes="1" methods="2" coveredmethods="0" conditionals="0" coveredconditionals="0" statements="15" coveredstatements="0" elements="17" coveredelements="0"/>
      </file>
      <file name="/home/oscabrera/own/packages/package-dev/oscabrera/model-repository/src/Handlers/Makers/MakeInterfaceRepository.php">
        <class name="Oscabrera\ModelRepository\Handlers\Makers\MakeInterfaceRepository" namespace="Oscabrera\ModelRepository\Handlers\Makers">
          <metrics complexity="2" methods="2" coveredmethods="0" conditionals="0" coveredconditionals="0" statements="17" coveredstatements="0" elements="19" coveredelements="0"/>
        </class>
        <line num="30" type="method" name="make" visibility="public" complexity="1" crap="2" count="0"/>
        <line num="32" type="stmt" count="0"/>
        <line num="33" type="stmt" count="0"/>
        <line num="34" type="stmt" count="0"/>
        <line num="35" type="stmt" count="0"/>
        <line num="36" type="stmt" count="0"/>
        <line num="37" type="stmt" count="0"/>
        <line num="38" type="stmt" count="0"/>
        <line num="40" type="stmt" count="0"/>
        <line num="41" type="stmt" count="0"/>
        <line num="42" type="stmt" count="0"/>
        <line num="43" type="stmt" count="0"/>
        <line num="44" type="stmt" count="0"/>
        <line num="45" type="stmt" count="0"/>
        <line num="56" type="method" name="defineReplace" visibility="private" complexity="1" crap="2" count="0"/>
        <line num="58" type="stmt" count="0"/>
        <line num="59" type="stmt" count="0"/>
        <line num="60" type="stmt" count="0"/>
        <line num="61" type="stmt" count="0"/>
        <metrics loc="64" ncloc="41" classes="1" methods="2" coveredmethods="0" conditionals="0" coveredconditionals="0" statements="17" coveredstatements="0" elements="19" coveredelements="0"/>
      </file>
      <file name="/home/oscabrera/own/packages/package-dev/oscabrera/model-repository/src/Handlers/Makers/MakeInterfaceServices.php">
        <class name="Oscabrera\ModelRepository\Handlers\Makers\MakeInterfaceServices" namespace="Oscabrera\ModelRepository\Handlers\Makers">
          <metrics complexity="2" methods="2" coveredmethods="0" conditionals="0" coveredconditionals="0" statements="17" coveredstatements="0" elements="19" coveredelements="0"/>
        </class>
        <line num="30" type="method" name="make" visibility="public" complexity="1" crap="2" count="0"/>
        <line num="32" type="stmt" count="0"/>
        <line num="33" type="stmt" count="0"/>
        <line num="34" type="stmt" count="0"/>
        <line num="35" type="stmt" count="0"/>
        <line num="36" type="stmt" count="0"/>
        <line num="37" type="stmt" count="0"/>
        <line num="38" type="stmt" count="0"/>
        <line num="40" type="stmt" count="0"/>
        <line num="41" type="stmt" count="0"/>
        <line num="42" type="stmt" count="0"/>
        <line num="43" type="stmt" count="0"/>
        <line num="44" type="stmt" count="0"/>
        <line num="45" type="stmt" count="0"/>
        <line num="56" type="method" name="defineReplace" visibility="private" complexity="1" crap="2" count="0"/>
        <line num="58" type="stmt" count="0"/>
        <line num="59" type="stmt" count="0"/>
        <line num="60" type="stmt" count="0"/>
        <line num="61" type="stmt" count="0"/>
        <metrics loc="64" ncloc="41" classes="1" methods="2" coveredmethods="0" conditionals="0" coveredconditionals="0" statements="17" coveredstatements="0" elements="19" coveredelements="0"/>
      </file>
      <file name="/home/oscabrera/own/packages/package-dev/oscabrera/model-repository/src/Handlers/Makers/MakeModel.php">
        <class name="Oscabrera\ModelRepository\Handlers\Makers\MakeModel" namespace="Oscabrera\ModelRepository\Handlers\Makers">
          <metrics complexity="1" methods="1" coveredmethods="0" conditionals="0" coveredconditionals="0" statements="10" coveredstatements="0" elements="11" coveredelements="0"/>
        </class>
        <line num="22" type="method" name="make" visibility="public" complexity="1" crap="2" count="0"/>
        <line num="27" type="stmt" count="0"/>
        <line num="28" type="stmt" count="0"/>
        <line num="29" type="stmt" count="0"/>
        <line num="30" type="stmt" count="0"/>
        <line num="31" type="stmt" count="0"/>
        <line num="32" type="stmt" count="0"/>
        <line num="33" type="stmt" count="0"/>
        <line num="34" type="stmt" count="0"/>
        <line num="35" type="stmt" count="0"/>
        <line num="36" type="stmt" count="0"/>
        <metrics loc="39" ncloc="29" classes="1" methods="1" coveredmethods="0" conditionals="0" coveredconditionals="0" statements="10" coveredstatements="0" elements="11" coveredelements="0"/>
      </file>
      <file name="/home/oscabrera/own/packages/package-dev/oscabrera/model-repository/src/Handlers/Makers/MakeRepository.php">
        <class name="Oscabrera\ModelRepository\Handlers\Makers\MakeRepository" namespace="Oscabrera\ModelRepository\Handlers\Makers">
          <metrics complexity="3" methods="3" coveredmethods="0" conditionals="0" coveredconditionals="0" statements="23" coveredstatements="0" elements="26" coveredelements="0"/>
        </class>
        <line num="33" type="method" name="make" visibility="public" complexity="1" crap="2" count="0"/>
        <line num="35" type="stmt" count="0"/>
        <line num="36" type="stmt" count="0"/>
        <line num="37" type="stmt" count="0"/>
        <line num="39" type="stmt" count="0"/>
        <line num="40" type="stmt" count="0"/>
        <line num="41" type="stmt" count="0"/>
        <line num="42" type="stmt" count="0"/>
        <line num="43" type="stmt" count="0"/>
        <line num="44" type="stmt" count="0"/>
        <line num="51" type="method" name="binding" visibility="public" complexity="1" crap="2" count="0"/>
        <line num="53" type="stmt" count="0"/>
        <line num="54" type="stmt" count="0"/>
        <line num="55" type="stmt" count="0"/>
        <line num="56" type="stmt" count="0"/>
        <line num="57" type="stmt" count="0"/>
        <line num="58" type="stmt" count="0"/>
        <line num="59" type="stmt" count="0"/>
        <line num="60" type="stmt" count="0"/>
        <line num="61" type="stmt" count="0"/>
        <line num="72" type="method" name="defineReplace" visibility="private" complexity="1" crap="2" count="0"/>
        <line num="74" type="stmt" count="0"/>
        <line num="75" type="stmt" count="0"/>
        <line num="76" type="stmt" count="0"/>
        <line num="77" type="stmt" count="0"/>
        <line num="78" type="stmt" count="0"/>
        <metrics loc="81" ncloc="54" classes="1" methods="3" coveredmethods="0" conditionals="0" coveredconditionals="0" statements="23" coveredstatements="0" elements="26" coveredelements="0"/>
      </file>
      <file name="/home/oscabrera/own/packages/package-dev/oscabrera/model-repository/src/Handlers/Makers/MakeRequest.php">
        <class name="Oscabrera\ModelRepository\Handlers\Makers\MakeRequest" namespace="Oscabrera\ModelRepository\Handlers\Makers">
          <metrics complexity="2" methods="2" coveredmethods="0" conditionals="0" coveredconditionals="0" statements="13" coveredstatements="0" elements="15" coveredelements="0"/>
        </class>
        <line num="30" type="method" name="make" visibility="public" complexity="1" crap="2" count="0"/>
        <line num="32" type="stmt" count="0"/>
        <line num="33" type="stmt" count="0"/>
        <line num="34" type="stmt" count="0"/>
        <line num="36" type="stmt" count="0"/>
        <line num="37" type="stmt" count="0"/>
        <line num="38" type="stmt" count="0"/>
        <line num="39" type="stmt" count="0"/>
        <line num="40" type="stmt" count="0"/>
        <line num="41" type="stmt" count="0"/>
        <line num="52" type="method" name="defineReplace" visibility="private" complexity="1" crap="2" count="0"/>
        <line num="54" type="stmt" count="0"/>
        <line num="55" type="stmt" count="0"/>
        <line num="56" type="stmt" count="0"/>
        <line num="57" type="stmt" count="0"/>
        <metrics loc="60" ncloc="37" classes="1" methods="2" coveredmethods="0" conditionals="0" coveredconditionals="0" statements="13" coveredstatements="0" elements="15" coveredelements="0"/>
      </file>
      <file name="/home/oscabrera/own/packages/package-dev/oscabrera/model-repository/src/Handlers/Makers/MakeService.php">
        <class name="Oscabrera\ModelRepository\Handlers\Makers\MakeService" namespace="Oscabrera\ModelRepository\Handlers\Makers">
          <metrics complexity="3" methods="3" coveredmethods="0" conditionals="0" coveredconditionals="0" statements="24" coveredstatements="0" elements="27" coveredelements="0"/>
        </class>
        <line num="33" type="method" name="make" visibility="public" complexity="1" crap="2" count="0"/>
        <line num="35" type="stmt" count="0"/>
        <line num="36" type="stmt" count="0"/>
        <line num="37" type="stmt" count="0"/>
        <line num="39" type="stmt" count="0"/>
        <line num="40" type="stmt" count="0"/>
        <line num="41" type="stmt" count="0"/>
        <line num="42" type="stmt" count="0"/>
        <line num="43" type="stmt" count="0"/>
        <line num="44" type="stmt" count="0"/>
        <line num="51" type="method" name="binding" visibility="public" complexity="1" crap="2" count="0"/>
        <line num="53" type="stmt" count="0"/>
        <line num="54" type="stmt" count="0"/>
        <line num="55" type="stmt" count="0"/>
        <line num="56" type="stmt" count="0"/>
        <line num="57" type="stmt" count="0"/>
        <line num="58" type="stmt" count="0"/>
        <line num="59" type="stmt" count="0"/>
        <line num="60" type="stmt" count="0"/>
        <line num="61" type="stmt" count="0"/>
        <line num="72" type="method" name="defineReplace" visibility="private" complexity="1" crap="2" count="0"/>
        <line num="74" type="stmt" count="0"/>
        <line num="75" type="stmt" count="0"/>
        <line num="76" type="stmt" count="0"/>
        <line num="77" type="stmt" count="0"/>
        <line num="78" type="stmt" count="0"/>
        <line num="79" type="stmt" count="0"/>
        <metrics loc="82" ncloc="55" classes="1" methods="3" coveredmethods="0" conditionals="0" coveredconditionals="0" statements="24" coveredstatements="0" elements="27" coveredelements="0"/>
      </file>
      <file name="/home/oscabrera/own/packages/package-dev/oscabrera/model-repository/src/Handlers/Makers/MakeStructure.php">
        <class name="Oscabrera\ModelRepository\Handlers\Makers\MakeStructure" namespace="Oscabrera\ModelRepository\Handlers\Makers">
          <metrics complexity="13" methods="9" coveredmethods="0" conditionals="0" coveredconditionals="0" statements="38" coveredstatements="0" elements="47" coveredelements="0"/>
        </class>
        <line num="19" type="method" name="__construct" visibility="public" complexity="1" crap="2" count="0"/>
        <line num="24" type="stmt" count="0"/>
        <line num="35" type="method" name="createFromClassStub" visibility="protected" complexity="1" crap="2" count="0"/>
        <line num="41" type="stmt" count="0"/>
        <line num="42" type="stmt" count="0"/>
        <line num="43" type="stmt" count="0"/>
        <line num="44" type="stmt" count="0"/>
        <line num="45" type="stmt" count="0"/>
        <line num="46" type="stmt" count="0"/>
        <line num="47" type="stmt" count="0"/>
        <line num="48" type="stmt" count="0"/>
        <line num="49" type="stmt" count="0"/>
        <line num="58" type="method" name="validateClassExists" visibility="protected" complexity="3" crap="12" count="0"/>
        <line num="63" type="stmt" count="0"/>
        <line num="64" type="stmt" count="0"/>
        <line num="65" type="stmt" count="0"/>
        <line num="66" type="stmt" count="0"/>
        <line num="67" type="stmt" count="0"/>
        <line num="68" type="stmt" count="0"/>
        <line num="75" type="method" name="getStubPath" visibility="protected" complexity="1" crap="2" count="0"/>
        <line num="77" type="stmt" count="0"/>
        <line num="78" type="stmt" count="0"/>
        <line num="79" type="stmt" count="0"/>
        <line num="87" type="method" name="getStubContent" visibility="protected" complexity="2" crap="6" count="0"/>
        <line num="89" type="stmt" count="0"/>
        <line num="90" type="stmt" count="0"/>
        <line num="91" type="stmt" count="0"/>
        <line num="94" type="stmt" count="0"/>
        <line num="100" type="method" name="getFilePath" visibility="protected" complexity="2" crap="6" count="0"/>
        <line num="105" type="stmt" count="0"/>
        <line num="106" type="stmt" count="0"/>
        <line num="107" type="stmt" count="0"/>
        <line num="108" type="stmt" count="0"/>
        <line num="109" type="stmt" count="0"/>
        <line num="110" type="stmt" count="0"/>
        <line num="111" type="stmt" count="0"/>
        <line num="113" type="stmt" count="0"/>
        <line num="120" type="method" name="updateConfigFile" visibility="protected" complexity="1" crap="2" count="0"/>
        <line num="125" type="stmt" count="0"/>
        <line num="126" type="stmt" count="0"/>
        <line num="127" type="stmt" count="0"/>
        <line num="128" type="stmt" count="0"/>
        <line num="129" type="stmt" count="0"/>
        <line num="135" type="method" name="nameKebabCase" visibility="protected" complexity="1" crap="2" count="0"/>
        <line num="137" type="stmt" count="0"/>
        <line num="143" type="method" name="namePluralKebabCase" visibility="protected" complexity="1" crap="2" count="0"/>
        <line num="145" type="stmt" count="0"/>
        <metrics loc="148" ncloc="109" classes="1" methods="9" coveredmethods="0" conditionals="0" coveredconditionals="0" statements="38" coveredstatements="0" elements="47" coveredelements="0"/>
      </file>
    </package>
    <package name="Oscabrera\ModelRepository\Trait">
      <file name="/home/oscabrera/own/packages/package-dev/oscabrera/model-repository/src/Trait/ArrayHandlerBindingTrait.php">
        <class name="Oscabrera\ModelRepository\Trait\ArrayHandlerBindingTrait" namespace="Oscabrera\ModelRepository\Trait">
          <metrics complexity="10" methods="6" coveredmethods="6" conditionals="0" coveredconditionals="0" statements="33" coveredstatements="33" elements="39" coveredelements="39"/>
        </class>
        <line num="15" type="method" name="formatArray" visibility="private" complexity="1" crap="1" count="2"/>
        <line num="17" type="stmt" count="2"/>
        <line num="18" type="stmt" count="2"/>
        <line num="20" type="stmt" count="2"/>
        <line num="37" type="method" name="formatConfigFile" visibility="private" complexity="1" crap="1" count="2"/>
        <line num="39" type="stmt" count="2"/>
        <line num="40" type="stmt" count="2"/>
        <line num="41" type="stmt" count="2"/>
        <line num="42" type="stmt" count="2"/>
        <line num="43" type="stmt" count="2"/>
        <line num="44" type="stmt" count="2"/>
        <line num="46" type="stmt" count="2"/>
        <line num="56" type="method" name="generateLines" visibility="private" complexity="4" crap="4" count="2"/>
        <line num="58" type="stmt" count="2"/>
        <line num="59" type="stmt" count="2"/>
        <line num="60" type="stmt" count="2"/>
        <line num="62" type="stmt" count="2"/>
        <line num="63" type="stmt" count="2"/>
        <line num="64" type="stmt" count="2"/>
        <line num="65" type="stmt" count="2"/>
        <line num="66" type="stmt" count="2"/>
        <line num="67" type="stmt" count="2"/>
        <line num="68" type="stmt" count="2"/>
        <line num="69" type="stmt" count="2"/>
        <line num="71" type="stmt" count="2"/>
        <line num="72" type="stmt" count="2"/>
        <line num="73" type="stmt" count="2"/>
        <line num="75" type="stmt" count="1"/>
        <line num="77" type="stmt" count="2"/>
        <line num="89" type="method" name="formatNestedArrayValue" visibility="private" complexity="1" crap="1" count="2"/>
        <line num="96" type="stmt" count="2"/>
        <line num="97" type="stmt" count="2"/>
        <line num="98" type="stmt" count="2"/>
        <line num="99" type="stmt" count="2"/>
        <line num="105" type="method" name="formatClassReference" visibility="private" complexity="1" crap="1" count="3"/>
        <line num="107" type="stmt" count="3"/>
        <line num="113" type="method" name="isInterface" visibility="private" complexity="2" crap="2" count="3"/>
        <line num="115" type="stmt" count="3"/>
        <line num="116" type="stmt" count="3"/>
        <metrics loc="119" ncloc="76" classes="1" methods="6" coveredmethods="6" conditionals="0" coveredconditionals="0" statements="33" coveredstatements="33" elements="39" coveredelements="39"/>
      </file>
      <file name="/home/oscabrera/own/packages/package-dev/oscabrera/model-repository/src/Trait/FailedValidationTrait.php">
        <class name="Oscabrera\ModelRepository\Trait\FailedValidationTrait" namespace="Oscabrera\ModelRepository\Trait">
          <metrics complexity="4" methods="3" coveredmethods="3" conditionals="0" coveredconditionals="0" statements="18" coveredstatements="18" elements="21" coveredelements="21"/>
        </class>
        <line num="17" type="method" name="failedValidation" visibility="protected" complexity="1" crap="1" count="1"/>
        <line num="19" type="stmt" count="1"/>
        <line num="21" type="stmt" count="1"/>
        <line num="22" type="stmt" count="1"/>
        <line num="33" type="method" name="formatErrors" visibility="private" complexity="2" crap="2" count="2"/>
        <line num="35" type="stmt" count="2"/>
        <line num="36" type="stmt" count="2"/>
        <line num="37" type="stmt" count="2"/>
        <line num="38" type="stmt" count="2"/>
        <line num="39" type="stmt" count="2"/>
        <line num="40" type="stmt" count="2"/>
        <line num="41" type="stmt" count="2"/>
        <line num="42" type="stmt" count="2"/>
        <line num="44" type="stmt" count="2"/>
        <line num="60" type="method" name="infoCommand" visibility="private" complexity="1" crap="1" count="2"/>
        <line num="62" type="stmt" count="2"/>
        <line num="63" type="stmt" count="2"/>
        <line num="64" type="stmt" count="2"/>
        <line num="65" type="stmt" count="2"/>
        <line num="66" type="stmt" count="2"/>
        <line num="67" type="stmt" count="2"/>
        <metrics loc="70" ncloc="46" classes="1" methods="3" coveredmethods="3" conditionals="0" coveredconditionals="0" statements="18" coveredstatements="18" elements="21" coveredelements="21"/>
      </file>
      <file name="/home/oscabrera/own/packages/package-dev/oscabrera/model-repository/src/Trait/MainCommandTrait.php">
        <class name="Oscabrera\ModelRepository\Trait\MainCommandTrait" namespace="Oscabrera\ModelRepository\Trait">
          <metrics complexity="4" methods="1" coveredmethods="0" conditionals="0" coveredconditionals="0" statements="8" coveredstatements="0" elements="9" coveredelements="0"/>
        </class>
        <line num="33" type="method" name="executeMaker" visibility="private" complexity="4" crap="20" count="0"/>
        <line num="37" type="stmt" count="0"/>
        <line num="39" type="stmt" count="0"/>
        <line num="40" type="stmt" count="0"/>
        <line num="42" type="stmt" count="0"/>
        <line num="44" type="stmt" count="0"/>
        <line num="45" type="stmt" count="0"/>
        <line num="46" type="stmt" count="0"/>
        <line num="48" type="stmt" count="0"/>
        <metrics loc="52" ncloc="42" classes="1" methods="1" coveredmethods="0" conditionals="0" coveredconditionals="0" statements="8" coveredstatements="0" elements="9" coveredelements="0"/>
      </file>
      <file name="/home/oscabrera/own/packages/package-dev/oscabrera/model-repository/src/Trait/OptionsTrait.php">
        <class name="Oscabrera\ModelRepository\Trait\OptionsTrait" namespace="Oscabrera\ModelRepository\Trait">
          <metrics complexity="6" methods="1" coveredmethods="1" conditionals="0" coveredconditionals="0" statements="6" coveredstatements="6" elements="7" coveredelements="7"/>
        </class>
        <line num="19" type="method" name="evaluateOption" visibility="private" complexity="6" crap="6" count="6"/>
        <line num="21" type="stmt" count="6"/>
        <line num="22" type="stmt" count="3"/>
        <line num="23" type="stmt" count="2"/>
        <line num="24" type="stmt" count="1"/>
        <line num="27" type="stmt" count="2"/>
        <line num="29" type="stmt" count="3"/>
        <metrics loc="32" ncloc="22" classes="1" methods="1" coveredmethods="1" conditionals="0" coveredconditionals="0" statements="6" coveredstatements="6" elements="7" coveredelements="7"/>
      </file>
      <file name="/home/oscabrera/own/packages/package-dev/oscabrera/model-repository/src/Trait/PopulatesOptionsTrait.php">
        <class name="Oscabrera\ModelRepository\Trait\PopulatesOptionsTrait" namespace="Oscabrera\ModelRepository\Trait">
          <metrics complexity="6" methods="4" coveredmethods="4" conditionals="0" coveredconditionals="0" statements="24" coveredstatements="24" elements="28" coveredelements="28"/>
        </class>
        <line num="29" type="method" name="getOptionsList" visibility="private" complexity="1" crap="1" count="1"/>
        <line num="31" type="stmt" count="1"/>
        <line num="32" type="stmt" count="1"/>
        <line num="33" type="stmt" count="1"/>
        <line num="34" type="stmt" count="1"/>
        <line num="35" type="stmt" count="1"/>
        <line num="36" type="stmt" count="1"/>
        <line num="37" type="stmt" count="1"/>
        <line num="38" type="stmt" count="1"/>
        <line num="39" type="stmt" count="1"/>
        <line num="57" type="method" name="initializeOptionValues" visibility="private" complexity="2" crap="2" count="1"/>
        <line num="59" type="stmt" count="1"/>
        <line num="60" type="stmt" count="1"/>
        <line num="61" type="stmt" count="1"/>
        <line num="62" type="stmt" count="1"/>
        <line num="64" type="stmt" count="1"/>
        <line num="72" type="method" name="createOptionsObject" visibility="private" complexity="1" crap="1" count="2"/>
        <line num="74" type="stmt" count="2"/>
        <line num="75" type="stmt" count="2"/>
        <line num="76" type="stmt" count="2"/>
        <line num="77" type="stmt" count="2"/>
        <line num="78" type="stmt" count="2"/>
        <line num="79" type="stmt" count="2"/>
        <line num="80" type="stmt" count="2"/>
        <line num="81" type="stmt" count="2"/>
        <line num="82" type="stmt" count="2"/>
        <line num="88" type="method" name="shouldForceAll" visibility="private" complexity="2" crap="2" count="3"/>
        <line num="90" type="stmt" count="3"/>
        <metrics loc="93" ncloc="52" classes="1" methods="4" coveredmethods="4" conditionals="0" coveredconditionals="0" statements="24" coveredstatements="24" elements="28" coveredelements="28"/>
      </file>
    </package>
    <metrics files="31" loc="1848" ncloc="1228" classes="22" methods="79" coveredmethods="29" conditionals="0" coveredconditionals="0" statements="363" coveredstatements="112" elements="442" coveredelements="141"/>
  </project>
</coverage>
